0 info it worked if it ends with ok
1 verbose cli [ '/usr/local/Cellar/node/5.2.0/bin/node',
1 verbose cli   '/usr/local/bin/npm',
1 verbose cli   'restart' ]
2 info using npm@3.3.12
3 info using node@v5.2.0
4 verbose run-script [ 'prerestart',
4 verbose run-script   'prestop',
4 verbose run-script   'stop',
4 verbose run-script   'poststop',
4 verbose run-script   'restart',
4 verbose run-script   'prestart',
4 verbose run-script   'start',
4 verbose run-script   'poststart',
4 verbose run-script   'postrestart' ]
5 info lifecycle app@0.0.0~prerestart: app@0.0.0
6 silly lifecycle app@0.0.0~prerestart: no script for prerestart, continuing
7 info lifecycle app@0.0.0~prestop: app@0.0.0
8 silly lifecycle app@0.0.0~prestop: no script for prestop, continuing
9 info lifecycle app@0.0.0~stop: app@0.0.0
10 silly lifecycle app@0.0.0~stop: no script for stop, continuing
11 info lifecycle app@0.0.0~poststop: app@0.0.0
12 silly lifecycle app@0.0.0~poststop: no script for poststop, continuing
13 info lifecycle app@0.0.0~restart: app@0.0.0
14 silly lifecycle app@0.0.0~restart: no script for restart, continuing
15 info lifecycle app@0.0.0~prestart: app@0.0.0
16 silly lifecycle app@0.0.0~prestart: no script for prestart, continuing
17 info lifecycle app@0.0.0~start: app@0.0.0
18 verbose lifecycle app@0.0.0~start: unsafe-perm in lifecycle true
19 verbose lifecycle app@0.0.0~start: PATH: /usr/local/lib/node_modules/npm/bin/node-gyp-bin:/Users/Zhongyi/Code/DatabaseDesignProjectServer/app/node_modules/.bin:/usr/local/bin:/usr/bin:/bin:/usr/sbin:/sbin:/Users/Zhongyi/android-sdk-macosx/platform-tools
20 verbose lifecycle app@0.0.0~start: CWD: /Users/Zhongyi/Code/DatabaseDesignProjectServer/app
21 silly lifecycle app@0.0.0~start: Args: [ '-c', 'node ./bin/www' ]
22 silly lifecycle app@0.0.0~start: Returned: code: 1  signal: null
23 info lifecycle app@0.0.0~start: Failed to exec start script
24 verbose stack Error: app@0.0.0 start: `node ./bin/www`
24 verbose stack Exit status 1
24 verbose stack     at EventEmitter.<anonymous> (/usr/local/lib/node_modules/npm/lib/utils/lifecycle.js:232:16)
24 verbose stack     at emitTwo (events.js:88:13)
24 verbose stack     at EventEmitter.emit (events.js:173:7)
24 verbose stack     at ChildProcess.<anonymous> (/usr/local/lib/node_modules/npm/lib/utils/spawn.js:24:14)
24 verbose stack     at emitTwo (events.js:88:13)
24 verbose stack     at ChildProcess.emit (events.js:173:7)
24 verbose stack     at maybeClose (internal/child_process.js:819:16)
24 verbose stack     at Process.ChildProcess._handle.onexit (internal/child_process.js:212:5)
25 verbose pkgid app@0.0.0
26 verbose cwd /Users/Zhongyi/Code/DatabaseDesignProjectServer/app
27 error Darwin 15.0.0
28 error argv "/usr/local/Cellar/node/5.2.0/bin/node" "/usr/local/bin/npm" "restart"
29 error node v5.2.0
30 error npm  v3.3.12
31 error code ELIFECYCLE
32 error app@0.0.0 start: `node ./bin/www`
32 error Exit status 1
33 error Failed at the app@0.0.0 start script 'node ./bin/www'.
33 error Make sure you have the latest version of node.js and npm installed.
33 error If you do, this is most likely a problem with the app package,
33 error not with npm itself.
33 error Tell the author that this fails on your system:
33 error     node ./bin/www
33 error You can get their info via:
33 error     npm owner ls app
33 error There is likely additional logging output above.
34 verbose exit [ 1, true ]
